# JRE version: OpenJDK Runtime Environment Homebrew (21.0) (build 21)
# Java VM: OpenJDK 64-Bit Server VM Homebrew (21, mixed mode, sharing, tiered, compressed oops, compressed class ptrs, g1 gc, bsd-aarch64)
Heap:
 garbage-first heap   total 133120K, used 69339K [0x0000000780000000, 0x0000000800000000)
  region size 1024K, 68 young (69632K), 3 survivors (3072K)
 Metaspace       used 9017K, committed 9216K, reserved 1114112K
  class space    used 931K, committed 1024K, reserved 1048576K
GC Heap History (8 events):
Event: 4.914 GC heap before
{Heap before GC invocations=0 (full 0):
 garbage-first heap   total 133120K, used 24587K [0x0000000780000000, 0x0000000800000000)
  region size 1024K, 23 young (23552K), 0 survivors (0K)
 Metaspace       used 8594K, committed 8832K, reserved 1114112K
  class space    used 898K, committed 1024K, reserved 1048576K
}
Event: 4.916 GC heap after
{Heap after GC invocations=1 (full 0):
 garbage-first heap   total 133120K, used 3307K [0x0000000780000000, 0x0000000800000000)
  region size 1024K, 3 young (3072K), 3 survivors (3072K)
 Metaspace       used 8594K, committed 8832K, reserved 1114112K
  class space    used 898K, committed 1024K, reserved 1048576K
}
Event: 33.314 GC heap before
{Heap before GC invocations=1 (full 0):
 garbage-first heap   total 133120K, used 50411K [0x0000000780000000, 0x0000000800000000)
  region size 1024K, 49 young (50176K), 3 survivors (3072K)
 Metaspace       used 8908K, committed 9152K, reserved 1114112K
  class space    used 915K, committed 1024K, reserved 1048576K
}
Event: 33.316 GC heap after
{Heap after GC invocations=2 (full 0):
 garbage-first heap   total 133120K, used 3344K [0x0000000780000000, 0x0000000800000000)
  region size 1024K, 3 young (3072K), 3 survivors (3072K)
 Metaspace       used 8908K, committed 9152K, reserved 1114112K
  class space    used 915K, committed 1024K, reserved 1048576K
}
Event: 77.730 GC heap before
{Heap before GC invocations=2 (full 0):
 garbage-first heap   total 133120K, used 78096K [0x0000000780000000, 0x0000000800000000)
  region size 1024K, 76 young (77824K), 3 survivors (3072K)
 Metaspace       used 9011K, committed 9216K, reserved 1114112K
  class space    used 931K, committed 1024K, reserved 1048576K
}
Event: 77.733 GC heap after
{Heap after GC invocations=3 (full 0):
 garbage-first heap   total 133120K, used 3445K [0x0000000780000000, 0x0000000800000000)
  region size 1024K, 3 young (3072K), 3 survivors (3072K)
 Metaspace       used 9011K, committed 9216K, reserved 1114112K
  class space    used 931K, committed 1024K, reserved 1048576K
}
Event: 123.065 GC heap before
{Heap before GC invocations=3 (full 0):
 garbage-first heap   total 133120K, used 78197K [0x0000000780000000, 0x0000000800000000)
  region size 1024K, 76 young (77824K), 3 survivors (3072K)
 Metaspace       used 9011K, committed 9216K, reserved 1114112K
  class space    used 931K, committed 1024K, reserved 1048576K
}
Event: 123.071 GC heap after
{Heap after GC invocations=4 (full 0):
 garbage-first heap   total 133120K, used 3289K [0x0000000780000000, 0x0000000800000000)
  region size 1024K, 3 young (3072K), 3 survivors (3072K)
 Metaspace       used 9011K, committed 9216K, reserved 1114112K
  class space    used 931K, committed 1024K, reserved 1048576K
}

